<?xml version="1.0" encoding="UTF-8"?>
<!-- Generated by org.testng.reporters.JUnitReportReporter -->
<testsuite hostname="DESKTOP-TG5I2M0" failures="1" tests="1" name="com.testrunner.TestRunner" time="6.050" errors="0" timestamp="05 Dec 2021 18:09:48 GMT" skipped="0">
  <testcase classname="com.testrunner.TestRunner" name="runScenario" time="6.050">
    <failure message="expected [Amazon.com. Spend less. Smile more.] but found [Amazon Sign-In]" type="java.lang.AssertionError">
      <![CDATA[java.lang.AssertionError: expected [Amazon.com. Spend less. Smile more.] but found [Amazon Sign-In]
at org.testng.Assert.fail(Assert.java:96)
at org.testng.Assert.failNotEquals(Assert.java:776)
at org.testng.Assert.assertEqualsImpl(Assert.java:137)
at org.testng.Assert.assertEquals(Assert.java:118)
at org.testng.Assert.assertEquals(Assert.java:453)
at org.testng.Assert.assertEquals(Assert.java:463)
at com.stepdefination.SignInSteps.user_on_signinpage(SignInSteps.java:66)
at âœ½.user on signinpage(file:///C:/Users/nirmi/eclipse-workspace/AmazonTest/CucumberFeature/Createaccount.feature:9)
]]>
    </failure>
  </testcase> <!-- runScenario -->
</testsuite> <!-- com.testrunner.TestRunner -->
